This is pdfTeX, Version 3.14159265-2.6-1.40.18 (MiKTeX 2.9.6500 64-bit) (preloaded format=pdflatex 2018.2.7)  24 MAY 2018 17:27
entering extended mode
**./Danhmucbangbieusodo.tex
(Danhmucbangbieusodo.tex
LaTeX2e <2017-04-15>
Babel <3.15> and hyphenation patterns for 75 language(s) loaded.

! LaTeX Error: Missing \begin{document}.

See the LaTeX manual or LaTeX Companion for explanation.
Type  H <return>  for immediate help.
 ...                                              
                                                  
l.2 \begin{center}
                  
You're in trouble here.  Try typing  <return>  to proceed.
If that doesn't work, type  X <return>  to quit.


Overfull \hbox (20.0pt too wide) in paragraph at lines 2--2
[] 
 []

Missing character: There is no · in font cmbx10!
Missing character: There is no ª in font cmbx10!
Missing character: There is no § in font cmbx10!
Missing character: There is no √ in font cmbx10!
Missing character: There is no Å in font cmbx10!
Missing character: There is no · in font cmbx10!
Missing character: There is no ∫ in font cmbx10!
Missing character: There is no ¢ in font cmbx10!
Missing character: There is no · in font cmbx10!
Missing character: There is no ª in font cmbx10!
Missing character: There is no Ç in font cmbx10!
Missing character: There is no ∆ in font cmbx10!
Missing character: There is no † in font cmbx10!
Missing character: There is no ƒ in font cmbx10!
Missing character: There is no ê in font cmbx10!
Missing character: There is no · in font cmbx10!
Missing character: There is no ª in font cmbx10!
Missing character: There is no í in font cmbx10!
Missing character: There is no √ in font cmbx10!
Missing character: There is no å in font cmbx10!
Missing character: There is no · in font cmbx10!
Missing character: There is no ∫ in font cmbx10!
Missing character: There is no º in font cmbx10!

Overfull \hbox (35.19426pt too wide) in paragraph at lines 3--4
 \OT1/cmr/bx/n/10 DANH 
 []


Overfull \hbox (19.22212pt too wide) in paragraph at lines 3--4
 \OT1/cmr/bx/n/10 MC 
 []


Overfull \hbox (16.61102pt too wide) in paragraph at lines 3--4
 \OT1/cmr/bx/n/10 CC 
 []


Overfull \hbox (29.4165pt too wide) in paragraph at lines 3--4
 \OT1/cmr/bx/n/10 BNG, 
 []


Overfull \hbox (24.58319pt too wide) in paragraph at lines 3--4
 \OT1/cmr/bx/n/10 BIU, 
 []


Overfull \hbox (6.38885pt too wide) in paragraph at lines 3--4
 \OT1/cmr/bx/n/10 S 
 []


Overfull \hbox (3.19443pt too wide) in paragraph at lines 3--4
 \OT1/cmr/bx/n/10 , 
 []


Overfull \hbox (26.99986pt too wide) in paragraph at lines 3--4
 \OT1/cmr/bx/n/10 HNH 
 []


Overfull \hbox (8.85413pt too wide) in paragraph at lines 3--4
 \OT1/cmr/bx/n/10 V 
 []

)
! Emergency stop.
<*> ./Danhmucbangbieusodo.tex
                             
*** (job aborted, no legal \end found)

 
Here is how much of TeX's memory you used:
 10 strings out of 493312
 278 string characters out of 3138888
 53761 words of memory out of 3000000
 3657 multiletter control sequences out of 15000+200000
 3948 words of font info for 15 fonts, out of 3000000 for 9000
 1141 hyphenation exceptions out of 8191
 13i,1n,10p,107b,110s stack positions out of 5000i,500n,10000p,200000b,50000s
!  ==> Fatal error occurred, no output PDF file produced!
