\BOOKMARK [0][-]{section*.3}{Muc luc}{}% 1
\BOOKMARK [0][-]{section*.4}{Danh s\341ch h\354nh ve}{}% 2
\BOOKMARK [0][-]{section*.5}{Danh s\341ch m\343 lnh}{}% 3
\BOOKMARK [0][-]{chapter.1}{GII THIU}{}% 4
\BOOKMARK [1][-]{section.1.1}{L\375 do chon \040t\340i}{chapter.1}% 5
\BOOKMARK [1][-]{section.1.2}{\320i tng, pham vi, phng ph\341p nghi\352n cu}{chapter.1}% 6
\BOOKMARK [2][-]{subsection.1.2.1}{Muc ti\352u nghi\352n cu}{section.1.2}% 7
\BOOKMARK [2][-]{subsection.1.2.2}{\320i tng, pham vi nghi\352n cu}{section.1.2}% 8
\BOOKMARK [2][-]{subsection.1.2.3}{Phng ph\341p nghi\352n cu, thc nghim}{section.1.2}% 9
\BOOKMARK [1][-]{section.1.3}{Nhng nghi\352n cu c\363 li\352n quan}{chapter.1}% 10
\BOOKMARK [0][-]{chapter.2}{H\300NH VI CUA CHNG TR\314NH}{}% 11
\BOOKMARK [1][-]{section.2.1}{Kin thc c s}{chapter.2}% 12
\BOOKMARK [2][-]{subsection.2.1.1}{Kim th phn mm}{section.2.1}% 13
\BOOKMARK [2][-]{subsection.2.1.2}{Ky thut Dynamic symbolic execution}{section.2.1}% 14
\BOOKMARK [2][-]{subsection.2.1.3}{Mt s c\364ng cu \341p dung DSE}{section.2.1}% 15
\BOOKMARK [1][-]{section.2.2}{H\340nh vi cua chng tr\354nh }{chapter.2}% 16
\BOOKMARK [2][-]{subsection.2.2.1}{Thc thi chng tr\354nh}{section.2.2}% 17
\BOOKMARK [2][-]{subsection.2.2.2}{Tng ng v h\340nh vi}{section.2.2}% 18
\BOOKMARK [2][-]{subsection.2.2.3}{Kh\341c bit v h\340nh vi}{section.2.2}% 19
\BOOKMARK [2][-]{subsection.2.2.4}{\320 tng t v h\340nh vi}{section.2.2}% 20
\BOOKMARK [0][-]{chapter.3}{\320O \320 TNG T H\300NH VI CUA CHNG TR\314NH}{}% 21
\BOOKMARK [1][-]{section.3.1}{Mt s ph\351p o \040tng t h\340nh vi}{chapter.3}% 22
\BOOKMARK [2][-]{subsection.3.1.1}{Ly mu ngu nhi\352n}{section.3.1}% 23
\BOOKMARK [2][-]{subsection.3.1.2}{DSE tr\352n chng tr\354nh tham chiu}{section.3.1}% 24
\BOOKMARK [2][-]{subsection.3.1.3}{DSE tr\352n chng tr\354nh hp th\340nh}{section.3.1}% 25
\BOOKMARK [0][-]{chapter.4}{THC NGHIM, \320\301NH GI\301}{}% 26
\BOOKMARK [1][-]{section.4.1}{D liu thc nghim}{chapter.4}% 27
\BOOKMARK [1][-]{section.4.2}{C\364ng cu d\371ng trong thc nghim}{chapter.4}% 28
\BOOKMARK [2][-]{subsection.4.2.1}{Microsoft Visual studio}{section.4.2}% 29
\BOOKMARK [2][-]{subsection.4.2.2}{C\364ng cu sinh d liu th Pex}{section.4.2}% 30
\BOOKMARK [1][-]{section.4.3}{\320\341nh gi\341 kt qua thc nghim}{chapter.4}% 31
\BOOKMARK [2][-]{subsection.4.3.1}{\320 tng t h\340nh vi cua chng tr\354nh theo ph\351p o RS}{section.4.3}% 32
\BOOKMARK [2][-]{subsection.4.3.2}{\320 tng t h\340nh vi cua chng tr\354nh theo ph\351p o SSE}{section.4.3}% 33
\BOOKMARK [2][-]{subsection.4.3.3}{\320 tng t h\340nh vi cua chng tr\354nh theo ph\351p o PSE}{section.4.3}% 34
\BOOKMARK [1][-]{section.4.4}{Kha nang ng dung}{chapter.4}% 35
\BOOKMARK [1][-]{section.4.5}{Kt lun}{chapter.4}% 36
\BOOKMARK [0][-]{chapter*.46}{T\340i liu tham khao}{}% 37
\BOOKMARK [0][-]{appendix.A}{MT S M\303 LNH QUAN TRONG}{}% 38
