This is pdfTeX, Version 3.14159265-2.6-1.40.18 (MiKTeX 2.9.6500 64-bit) (preloaded format=pdflatex 2018.2.7)  23 MAY 2018 17:37
entering extended mode
**./Trangbia.tex
(Trangbia.tex
LaTeX2e <2017-04-15>
Babel <3.15> and hyphenation patterns for 75 language(s) loaded.

! LaTeX Error: Missing \begin{document}.

See the LaTeX manual or LaTeX Companion for explanation.
Type  H <return>  for immediate help.
 ...                                              
                                                  
l.4 \begin{center}
                  
You're in trouble here.  Try typing  <return>  to proceed.
If that doesn't work, type  X <return>  to quit.


Overfull \hbox (20.0pt too wide) in paragraph at lines 4--4
[] 
 []

Missing character: There is no B in font nullfont!
Missing character: There is no · in font nullfont!
Missing character: There is no ª in font nullfont!
Missing character: There is no ò in font nullfont!
Missing character: There is no G in font nullfont!
Missing character: There is no I in font nullfont!
Missing character: There is no √ in font nullfont!
Missing character: There is no Å in font nullfont!
Missing character: There is no O in font nullfont!
Missing character: There is no D in font nullfont!
Missing character: There is no · in font nullfont!
Missing character: There is no ª in font nullfont!
Missing character: There is no § in font nullfont!
Missing character: There is no C in font nullfont!
Missing character: There is no V in font nullfont!
Missing character: There is no √ in font nullfont!
Missing character: There is no Ä in font nullfont!
Missing character: There is no ƒ in font nullfont!
Missing character: There is no ê in font nullfont!
Missing character: There is no √ in font nullfont!
Missing character: There is no Ä in font nullfont!
Missing character: There is no O in font nullfont!
Missing character: There is no T in font nullfont!
Missing character: There is no A in font nullfont!
Missing character: There is no O in font nullfont!
LaTeX Font Info:    External font `cmex10' loaded for size
(Font)              <7> on input line 6.
LaTeX Font Info:    External font `cmex10' loaded for size
(Font)              <5> on input line 6.
Missing character: There is no ∆ in font cmbx10!
Missing character: There is no Ø in font cmbx10!
Missing character: There is no · in font cmbx10!
Missing character: There is no ª in font cmbx10!
Missing character: There is no ú in font cmbx10!
Missing character: There is no ƒ in font cmbx10!
Missing character: There is no ê in font cmbx10!
Missing character: There is no · in font cmbx10!
Missing character: There is no ∫ in font cmbx10!
Missing character: There is no † in font cmbx10!
Missing character: There is no · in font cmbx10!
Missing character: There is no ª in font cmbx10!
Missing character: There is no å in font cmbx10!
Missing character: There is no ∆ in font cmbx10!
Missing character: There is no † in font cmbx10!

Overfull \hbox (124.84654pt too wide) in paragraph at lines 6--7
 []$ 
 []


Underfull \vbox (badness 10000) has occurred while \output is active []



! LaTeX Error: The font size command \normalsize is not defined:
               there is probably something wrong with the class file.

See the LaTeX manual or LaTeX Companion for explanation.
Type  H <return>  for immediate help.
 ...                                              
                                                  
l.9 \break
          
Your command was ignored.
Type  I <command> <return>  to replace it with another command,
or  <return>  to continue without it.

[1{C:/Users/photocopy/AppData/Local/MiKTeX/2.9/pdftex/config/pdftex.map}]
Missing character: There is no ƒ in font cmbx10!
Missing character: There is no ê in font cmbx10!
Missing character: There is no · in font cmbx10!
Missing character: There is no ª in font cmbx10!
Missing character: There is no ñ in font cmbx10!
Missing character: There is no ƒ in font cmbx10!
Missing character: There is no ê in font cmbx10!
Missing character: There is no ƒ in font cmbx10!
Missing character: There is no Ç in font cmbx10!

Overfull \hbox (18.04156pt too wide) in paragraph at lines 12--13
 \OT1/cmr/bx/n/10 NG 
 []


Overfull \hbox (35.02759pt too wide) in paragraph at lines 12--13
 \OT1/cmr/bx/n/10 KHOA 
 []


Underfull \vbox (badness 10000) has occurred while \output is active []



! LaTeX Error: The font size command \normalsize is not defined:
               there is probably something wrong with the class file.

See the LaTeX manual or LaTeX Companion for explanation.
Type  H <return>  for immediate help.
 ...                                              
                                                  
l.14 \break
           
Your command was ignored.
Type  I <command> <return>  to replace it with another command,
or  <return>  to continue without it.

[2]
Missing character: There is no ƒ in font cmbx10!
Missing character: There is no ê in font cmbx10!
Missing character: There is no · in font cmbx10!
Missing character: There is no ª in font cmbx10!
Missing character: There is no ò in font cmbx10!
Missing character: There is no ∆ in font cmbx10!
Missing character: There is no Ø in font cmbx10!
Missing character: There is no ∆ in font cmbx10!
Missing character: There is no † in font cmbx10!
Missing character: There is no · in font cmbx10!
Missing character: There is no ª in font cmbx10!
Missing character: There is no ∞ in font cmbx10!
Missing character: There is no · in font cmbx10!
Missing character: There is no ª in font cmbx10!
Missing character: There is no Ä in font cmbx10!
Missing character: There is no √ in font cmbx10!
Missing character: There is no Ä in font cmbx10!
Missing character: There is no · in font cmbx10!
Missing character: There is no ª in font cmbx10!
Missing character: There is no ¶ in font cmbx10!
Missing character: There is no ∆ in font cmbx10!
Missing character: There is no Ø in font cmbx10!
Missing character: There is no ∆ in font cmbx10!
Missing character: There is no † in font cmbx10!
Missing character: There is no √ in font cmbx10!
Missing character: There is no å in font cmbx10!
Missing character: There is no √ in font cmbx10!
Missing character: There is no Ä in font cmbx10!
Missing character: There is no √ in font cmbx10!
Missing character: There is no Ä in font cmbx10!
Missing character: There is no · in font cmbx10!
Missing character: There is no ª in font cmbx10!
Missing character: There is no ∞ in font cmbx10!
Missing character: There is no · in font cmbx10!
Missing character: There is no ª in font cmbx10!
Missing character: There is no Ü in font cmbx10!

Overfull \hbox (26.04152pt too wide) in paragraph at lines 19--20
 \OT1/cmr/bx/n/10 TNG 
 []


Overfull \hbox (7.99995pt too wide) in paragraph at lines 19--20
 \OT1/cmr/bx/n/10 T 
 []


Overfull \hbox (8.6944pt too wide) in paragraph at lines 19--20
 \OT1/cmr/bx/n/10 V 
 []


Overfull \hbox (26.99986pt too wide) in paragraph at lines 19--20
 \OT1/cmr/bx/n/10 HNH 
 []


Overfull \hbox (13.05548pt too wide) in paragraph at lines 19--20
 \OT1/cmr/bx/n/10 VI 
 []


Overfull \hbox (16.99991pt too wide) in paragraph at lines 19--20
 \OT1/cmr/bx/n/10 CA 
 []


Overfull \hbox (35.34703pt too wide) in paragraph at lines 19--20
 \OT1/cmr/bx/n/10 CHNG 
 []


Overfull \hbox (34.62482pt too wide) in paragraph at lines 19--20
 \OT1/cmr/bx/n/10 TRNH 
 []


Overfull \hbox (8.6944pt too wide) in paragraph at lines 19--20
 \OT1/cmr/bx/n/10 V 
 []


Overfull \hbox (17.83324pt too wide) in paragraph at lines 19--20
 \OT1/cmr/bx/n/10 LM 
 []


Overfull \hbox (25.30542pt too wide) in paragraph at lines 19--20
 \OT1/cmr/bx/n/10 THC 
 []


Overfull \hbox (45.51364pt too wide) in paragraph at lines 19--20
 \OT1/cmr/bx/n/10 NGHIM. 
 []


Underfull \vbox (badness 10000) has occurred while \output is active []



! LaTeX Error: The font size command \normalsize is not defined:
               there is probably something wrong with the class file.

See the LaTeX manual or LaTeX Companion for explanation.
Type  H <return>  for immediate help.
 ...                                              
                                                  
l.21 \break
           
Your command was ignored.
Type  I <command> <return>  to replace it with another command,
or  <return>  to continue without it.

[3]
Missing character: There is no C in font nullfont!
Missing character: There is no h in font nullfont!
Missing character: There is no u in font nullfont!
Missing character: There is no y in font nullfont!
Missing character: There is no √ in font nullfont!
Missing character: There is no ™ in font nullfont!
Missing character: There is no n in font nullfont!
Missing character: There is no n in font nullfont!
Missing character: There is no g in font nullfont!
Missing character: There is no √ in font nullfont!
Missing character: There is no † in font nullfont!
Missing character: There is no n in font nullfont!
Missing character: There is no h in font nullfont!
Missing character: There is no : in font nullfont!
Missing character: There is no K in font nullfont!
Missing character: There is no h in font nullfont!
Missing character: There is no o in font nullfont!
Missing character: There is no a in font nullfont!
Missing character: There is no H in font nullfont!
Missing character: There is no · in font nullfont!
Missing character: There is no ª in font nullfont!
Missing character: There is no ç in font nullfont!
Missing character: There is no c in font nullfont!
Missing character: There is no M in font nullfont!
Missing character: There is no √ in font nullfont!
Missing character: There is no ° in font nullfont!
Missing character: There is no y in font nullfont!
Missing character: There is no T in font nullfont!
Missing character: There is no √ in font nullfont!
Missing character: There is no ≠ in font nullfont!
Missing character: There is no n in font nullfont!
Missing character: There is no h in font nullfont!
Missing character: There is no M in font nullfont!
Missing character: There is no √ in font nullfont!
Missing character: There is no £ in font nullfont!
Missing character: There is no s in font nullfont!
Missing character: There is no · in font nullfont!
Missing character: There is no ª in font nullfont!
Missing character: There is no ë in font nullfont!
Missing character: There is no : in font nullfont!
Missing character: There is no 6 in font nullfont!
Missing character: There is no 0 in font nullfont!
Missing character: There is no 4 in font nullfont!
Missing character: There is no 8 in font nullfont!
Missing character: There is no 0 in font nullfont!
Missing character: There is no 1 in font nullfont!
Missing character: There is no 0 in font nullfont!
Missing character: There is no 1 in font nullfont!
Missing character: There is no T in font nullfont!
Missing character: There is no √ in font nullfont!
Missing character: There is no ì in font nullfont!
Missing character: There is no M in font nullfont!
Missing character: There is no T in font nullfont!
Missing character: There is no · in font nullfont!
Missing character: There is no ∫ in font nullfont!
Missing character: There is no Æ in font nullfont!
Missing character: There is no T in font nullfont!
Missing character: There is no L in font nullfont!
Missing character: There is no U in font nullfont!
Missing character: There is no · in font nullfont!
Missing character: There is no ∫ in font nullfont!
Missing character: There is no ¨ in font nullfont!
Missing character: There is no N in font nullfont!
Missing character: There is no V in font nullfont!
Missing character: There is no ƒ in font nullfont!
Missing character: There is no Ç in font nullfont!
Missing character: There is no N in font nullfont!
Missing character: There is no T in font nullfont!
Missing character: There is no H in font nullfont!
Missing character: There is no · in font nullfont!
Missing character: There is no ∫ in font nullfont!
Missing character: There is no † in font nullfont!
Missing character: There is no C in font nullfont!
Missing character: There is no S in font nullfont!
Missing character: There is no ƒ in font nullfont!
Missing character: There is no ® in font nullfont!
Missing character: There is no . in font nullfont!
Missing character: There is no . in font nullfont!
Missing character: There is no . in font nullfont!
Missing character: There is no . in font nullfont!
Missing character: There is no . in font nullfont!
Missing character: There is no . in font nullfont!
Missing character: There is no B in font nullfont!
Missing character: There is no √ in font nullfont!
Missing character: There is no ¨ in font nullfont!
Missing character: There is no n in font nullfont!
Missing character: There is no h in font nullfont!
Missing character: There is no ƒ in font nullfont!
Missing character: There is no ê in font nullfont!
Missing character: There is no · in font nullfont!
Missing character: There is no ª in font nullfont!
Missing character: There is no ã in font nullfont!
Missing character: There is no n in font nullfont!
Missing character: There is no h in font nullfont!
Missing character: There is no - in font nullfont!
Missing character: There is no N in font nullfont!
Missing character: There is no ƒ in font nullfont!
Missing character: There is no É in font nullfont!
Missing character: There is no m in font nullfont!
Missing character: There is no . in font nullfont!
Missing character: There is no . in font nullfont!
Missing character: There is no . in font nullfont!
)
! Emergency stop.
<*> ./Trangbia.tex
                  
*** (job aborted, no legal \end found)

 
Here is how much of TeX's memory you used:
 14 strings out of 493312
 273 string characters out of 3138888
 53761 words of memory out of 3000000
 3659 multiletter control sequences out of 15000+200000
 3948 words of font info for 15 fonts, out of 3000000 for 9000
 1141 hyphenation exceptions out of 8191
 21i,4n,14p,122b,170s stack positions out of 5000i,500n,10000p,200000b,50000s
!  ==> Fatal error occurred, no output PDF file produced!
